<?xml version="1.0" encoding="UTF-8"?>
<testng-results ignored="0" total="4" passed="4" failed="0" skipped="0">
  <reporter-output>
  </reporter-output>
  <suite started-at="2021-06-06T03:34:08 EET" name="Default suite" finished-at="2021-06-06T03:34:22 EET" duration-ms="14231">
    <groups>
    </groups>
    <test started-at="2021-06-06T03:34:08 EET" name="Default test" finished-at="2021-06-06T03:34:22 EET" duration-ms="14231">
      <class name="test.AddProductReviewTest">
        <test-method is-config="true" signature="startDriver(java.lang.String)[pri:0, instance:test.AddProductReviewTest@63021689]" started-at="2021-06-06T03:33:58 EET" name="startDriver" finished-at="2021-06-06T03:34:08 EET" duration-ms="9964" status="PASS">
          <params>
            <param index="0">
              <value>
                <![CDATA[Firefox]]>
              </value>
            </param>
          </params>
          <reporter-output>
          </reporter-output>
        </test-method> <!-- startDriver -->
        <test-method signature="UserCanRegisterSuccssfully()[pri:1, instance:test.AddProductReviewTest@63021689]" started-at="2021-06-06T03:34:08 EET" name="UserCanRegisterSuccssfully" finished-at="2021-06-06T03:34:12 EET" duration-ms="4146" status="PASS">
          <reporter-output>
          </reporter-output>
        </test-method> <!-- UserCanRegisterSuccssfully -->
        <test-method is-config="true" signature="screenShotOnFailure(org.testng.ITestResult)[pri:0, instance:test.AddProductReviewTest@63021689]" started-at="2021-06-06T03:34:12 EET" name="screenShotOnFailure" finished-at="2021-06-06T03:34:12 EET" duration-ms="5" status="PASS">
          <params>
            <param index="0">
              <value>
                <![CDATA[[TestResult name=UserCanRegisterSuccssfully status=SUCCESS method=AddProductReviewTest.UserCanRegisterSuccssfully()[pri:1, instance:test.AddProductReviewTest@63021689] output={null}]]]>
              </value>
            </param>
          </params>
          <reporter-output>
          </reporter-output>
        </test-method> <!-- screenShotOnFailure -->
        <test-method signature="userCanSearchWithAutoSuggest()[pri:2, instance:test.AddProductReviewTest@63021689]" started-at="2021-06-06T03:34:12 EET" name="userCanSearchWithAutoSuggest" finished-at="2021-06-06T03:34:19 EET" duration-ms="6235" status="PASS">
          <reporter-output>
          </reporter-output>
        </test-method> <!-- userCanSearchWithAutoSuggest -->
        <test-method is-config="true" signature="screenShotOnFailure(org.testng.ITestResult)[pri:0, instance:test.AddProductReviewTest@63021689]" started-at="2021-06-06T03:34:19 EET" name="screenShotOnFailure" finished-at="2021-06-06T03:34:19 EET" duration-ms="1" status="PASS">
          <params>
            <param index="0">
              <value>
                <![CDATA[[TestResult name=userCanSearchWithAutoSuggest status=SUCCESS method=AddProductReviewTest.userCanSearchWithAutoSuggest()[pri:2, instance:test.AddProductReviewTest@63021689] output={null}]]]>
              </value>
            </param>
          </params>
          <reporter-output>
          </reporter-output>
        </test-method> <!-- screenShotOnFailure -->
        <test-method signature="RegisteredUserCanReviewProduct()[pri:3, instance:test.AddProductReviewTest@63021689]" started-at="2021-06-06T03:34:19 EET" name="RegisteredUserCanReviewProduct" finished-at="2021-06-06T03:34:21 EET" duration-ms="2838" status="PASS">
          <reporter-output>
          </reporter-output>
        </test-method> <!-- RegisteredUserCanReviewProduct -->
        <test-method is-config="true" signature="screenShotOnFailure(org.testng.ITestResult)[pri:0, instance:test.AddProductReviewTest@63021689]" started-at="2021-06-06T03:34:21 EET" name="screenShotOnFailure" finished-at="2021-06-06T03:34:21 EET" duration-ms="1" status="PASS">
          <params>
            <param index="0">
              <value>
                <![CDATA[[TestResult name=RegisteredUserCanReviewProduct status=SUCCESS method=AddProductReviewTest.RegisteredUserCanReviewProduct()[pri:3, instance:test.AddProductReviewTest@63021689] output={null}]]]>
              </value>
            </param>
          </params>
          <reporter-output>
          </reporter-output>
        </test-method> <!-- screenShotOnFailure -->
        <test-method signature="RegisteredUserCanLogout()[pri:4, instance:test.AddProductReviewTest@63021689]" started-at="2021-06-06T03:34:21 EET" name="RegisteredUserCanLogout" finished-at="2021-06-06T03:34:22 EET" duration-ms="899" status="PASS">
          <reporter-output>
          </reporter-output>
        </test-method> <!-- RegisteredUserCanLogout -->
        <test-method is-config="true" signature="screenShotOnFailure(org.testng.ITestResult)[pri:0, instance:test.AddProductReviewTest@63021689]" started-at="2021-06-06T03:34:22 EET" name="screenShotOnFailure" finished-at="2021-06-06T03:34:22 EET" duration-ms="1" status="PASS">
          <params>
            <param index="0">
              <value>
                <![CDATA[[TestResult name=RegisteredUserCanLogout status=SUCCESS method=AddProductReviewTest.RegisteredUserCanLogout()[pri:4, instance:test.AddProductReviewTest@63021689] output={null}]]]>
              </value>
            </param>
          </params>
          <reporter-output>
          </reporter-output>
        </test-method> <!-- screenShotOnFailure -->
      </class> <!-- test.AddProductReviewTest -->
    </test> <!-- Default test -->
  </suite> <!-- Default suite -->
</testng-results>
