<?xml version="1.0" encoding="UTF-8"?>
<testng-results ignored="0" total="3" passed="3" failed="0" skipped="0">
  <reporter-output>
  </reporter-output>
  <suite started-at="2021-05-29T16:16:06 EET" name="phptravels Regrission suite" finished-at="2021-05-29T16:16:13 EET" duration-ms="6900">
    <groups>
    </groups>
    <test started-at="2021-05-29T16:16:06 EET" name="Regrission Test" finished-at="2021-05-29T16:16:13 EET" duration-ms="6900">
      <class name="test.UserRegisterationTest">
        <test-method is-config="true" signature="startDriver(java.lang.String)[pri:0, instance:test.UserRegisterationTest@63021689]" started-at="2021-05-29T16:15:50 EET" name="startDriver" finished-at="2021-05-29T16:16:06 EET" duration-ms="15983" status="PASS">
          <params>
            <param index="0">
              <value>
                <![CDATA[firefox]]>
              </value>
            </param>
          </params>
          <reporter-output>
          </reporter-output>
        </test-method> <!-- startDriver -->
        <test-method signature="UserCanRegisterSuccssfully()[pri:1, instance:test.UserRegisterationTest@63021689]" started-at="2021-05-29T16:16:06 EET" name="UserCanRegisterSuccssfully" finished-at="2021-05-29T16:16:08 EET" duration-ms="1857" status="PASS">
          <reporter-output>
          </reporter-output>
        </test-method> <!-- UserCanRegisterSuccssfully -->
        <test-method is-config="true" signature="screenShotOnFailure(org.testng.ITestResult)[pri:0, instance:test.UserRegisterationTest@63021689]" started-at="2021-05-29T16:16:08 EET" name="screenShotOnFailure" finished-at="2021-05-29T16:16:08 EET" duration-ms="2" status="PASS">
          <params>
            <param index="0">
              <value>
                <![CDATA[[TestResult name=UserCanRegisterSuccssfully status=SUCCESS method=UserRegisterationTest.UserCanRegisterSuccssfully()[pri:1, instance:test.UserRegisterationTest@63021689] output={null}]]]>
              </value>
            </param>
          </params>
          <reporter-output>
          </reporter-output>
        </test-method> <!-- screenShotOnFailure -->
        <test-method signature="UserCanLogOutSuccssfully()[pri:0, instance:test.UserRegisterationTest@63021689]" started-at="2021-05-29T16:16:08 EET" name="UserCanLogOutSuccssfully" finished-at="2021-05-29T16:16:11 EET" depends-on-methods="test.UserRegisterationTest.UserCanRegisterSuccssfully" duration-ms="3432" status="PASS">
          <reporter-output>
          </reporter-output>
        </test-method> <!-- UserCanLogOutSuccssfully -->
        <test-method is-config="true" signature="screenShotOnFailure(org.testng.ITestResult)[pri:0, instance:test.UserRegisterationTest@63021689]" started-at="2021-05-29T16:16:11 EET" name="screenShotOnFailure" finished-at="2021-05-29T16:16:11 EET" duration-ms="1" status="PASS">
          <params>
            <param index="0">
              <value>
                <![CDATA[[TestResult name=UserCanLogOutSuccssfully status=SUCCESS method=UserRegisterationTest.UserCanLogOutSuccssfully()[pri:0, instance:test.UserRegisterationTest@63021689] output={null}]]]>
              </value>
            </param>
          </params>
          <reporter-output>
          </reporter-output>
        </test-method> <!-- screenShotOnFailure -->
        <test-method signature="RegisteredUserCanLogin()[pri:0, instance:test.UserRegisterationTest@63021689]" started-at="2021-05-29T16:16:11 EET" name="RegisteredUserCanLogin" finished-at="2021-05-29T16:16:13 EET" depends-on-methods="test.UserRegisterationTest.UserCanLogOutSuccssfully" duration-ms="1530" status="PASS">
          <reporter-output>
          </reporter-output>
        </test-method> <!-- RegisteredUserCanLogin -->
        <test-method is-config="true" signature="screenShotOnFailure(org.testng.ITestResult)[pri:0, instance:test.UserRegisterationTest@63021689]" started-at="2021-05-29T16:16:13 EET" name="screenShotOnFailure" finished-at="2021-05-29T16:16:13 EET" duration-ms="1" status="PASS">
          <params>
            <param index="0">
              <value>
                <![CDATA[[TestResult name=RegisteredUserCanLogin status=SUCCESS method=UserRegisterationTest.RegisteredUserCanLogin()[pri:0, instance:test.UserRegisterationTest@63021689] output={null}]]]>
              </value>
            </param>
          </params>
          <reporter-output>
          </reporter-output>
        </test-method> <!-- screenShotOnFailure -->
      </class> <!-- test.UserRegisterationTest -->
    </test> <!-- Regrission Test -->
  </suite> <!-- phptravels Regrission suite -->
</testng-results>
