<?xml version="1.0" encoding="UTF-8"?>
<!-- Generated by org.testng.reporters.JUnitXMLReporter -->
<testsuite ignored="0" hostname="nada-elsamahy" failures="0" tests="4" name="Default test" time="14.231" errors="0" timestamp="2021-06-06T03:34:22 EET">
  <testcase classname="test.AddProductReviewTest" name="UserCanRegisterSuccssfully" time="4.146"/>
  <testcase classname="test.AddProductReviewTest" name="userCanSearchWithAutoSuggest" time="6.235"/>
  <testcase classname="test.AddProductReviewTest" name="RegisteredUserCanReviewProduct" time="2.838"/>
  <testcase classname="test.AddProductReviewTest" name="RegisteredUserCanLogout" time="0.899"/>
</testsuite> <!-- Default test -->
